<?xml version="1.0" encoding="UTF-8"?>
<Site BuildName="(empty)"
	BuildStamp="20241110-1033-Experimental"
	Name="(empty)"
	Generator="ctest-3.30.5"
	CompilerName=""
	CompilerVersion=""
	OSName="Linux"
	Hostname="dsw-fedora"
	OSRelease="6.11.5-300.fc41.x86_64"
	OSVersion="#1 SMP PREEMPT_DYNAMIC Tue Oct 22 20:11:15 UTC 2024"
	OSPlatform="x86_64"
	Is64Bits="1"
	VendorString="GenuineIntel"
	VendorID="Intel Corporation"
	FamilyID="6"
	ModelID="165"
	ProcessorCacheSize="8192"
	NumberOfLogicalCPU="8"
	NumberOfPhysicalCPU="4"
	TotalVirtualMemory="8191"
	TotalPhysicalMemory="15851"
	LogicalProcessorsPerPhysical="2"
	ProcessorClockFrequency="3960.75"
	>
	<Testing>
		<StartDateTime>Nov 10 18:33 CST</StartDateTime>
		<StartTestTime>1731234808</StartTestTime>
		<TestList/>
		<EndDateTime>Nov 10 18:33 CST</EndDateTime>
		<EndTestTime>1731234808</EndTestTime>
		<ElapsedMinutes>0</ElapsedMinutes>
	</Testing>
</Site>
